<?xml version="1.0" encoding="UTF-8"?>
<!-- Generated by org.testng.reporters.JUnitReportReporter -->
<testsuite hostname="LAPTOP-OK384MD2" failures="0" tests="3" name="com.real.practice.RealPractice" time="11.575" errors="0" timestamp="2022-06-09T09:34:13 CDT" skipped="0">
  <testcase classname="com.real.practice.RealPractice" name="myTest2" time="5.217"/>
  <system-out/>
  <testcase classname="com.real.practice.RealPractice" name="myTest1" time="3.410"/>
  <system-out/>
  <testcase classname="com.real.practice.RealPractice" name="myTest" time="2.948"/>
  <system-out/>
</testsuite> <!-- com.real.practice.RealPractice -->
