<?xml version="1.0" encoding="UTF-8"?>
<!-- Generated by org.testng.reporters.JUnitReportReporter -->
<testsuite hostname="LAPTOP-OK384MD2" failures="0" tests="3" name="selenium.practice.FirstClassTest" time="18.214" errors="0" timestamp="2022-06-05T20:18:09 CDT" skipped="0">
  <testcase classname="selenium.practice.FirstClassTest" name="myTest2" time="7.191"/>
  <system-out/>
  <testcase classname="selenium.practice.FirstClassTest" name="myTest1" time="6.010"/>
  <system-out/>
  <testcase classname="selenium.practice.FirstClassTest" name="myTest" time="5.013"/>
  <system-out/>
</testsuite> <!-- selenium.practice.FirstClassTest -->
